Using pre-set license
Built from '2022.3/staging' branch; Version is '2022.3.25f1 (530ae0ba3889) revision 5442272'; Using compiler version '192829333'; Build Type 'Release'
OS: 'Windows 11  (10.0.26100) 64bit Core' Language: 'ja' Physical Memory: 32581 MB
BatchMode: 1, IsHumanControllingUs: 0, StartBugReporterOnCrash: 0, Is64bit: 1, IsPro: 1

COMMAND LINE ARGUMENTS:
C:\Program Files\Unity\Hub\Editor\2022.3.25f1\Editor\Unity.exe
-adb2
-batchMode
-noUpm
-name
AssetImportWorker1
-projectPath
C:/Users/Kishi/Unity/2025_21/kansaiup
-logFile
Logs/AssetImportWorker1.log
-srvPort
57093
Successfully changed project path to: C:/Users/Kishi/Unity/2025_21/kansaiup
C:/Users/Kishi/Unity/2025_21/kansaiup
[UnityMemory] Configuration Parameters - Can be set up in boot.config
    "memorysetup-bucket-allocator-granularity=16"
    "memorysetup-bucket-allocator-bucket-count=8"
    "memorysetup-bucket-allocator-block-size=33554432"
    "memorysetup-bucket-allocator-block-count=8"
    "memorysetup-main-allocator-block-size=16777216"
    "memorysetup-thread-allocator-block-size=16777216"
    "memorysetup-gfx-main-allocator-block-size=16777216"
    "memorysetup-gfx-thread-allocator-block-size=16777216"
    "memorysetup-cache-allocator-block-size=4194304"
    "memorysetup-typetree-allocator-block-size=2097152"
    "memorysetup-profiler-bucket-allocator-granularity=16"
    "memorysetup-profiler-bucket-allocator-bucket-count=8"
    "memorysetup-profiler-bucket-allocator-block-size=33554432"
    "memorysetup-profiler-bucket-allocator-block-count=8"
    "memorysetup-profiler-allocator-block-size=16777216"
    "memorysetup-profiler-editor-allocator-block-size=1048576"
    "memorysetup-temp-allocator-size-main=16777216"
    "memorysetup-job-temp-allocator-block-size=2097152"
    "memorysetup-job-temp-allocator-block-size-background=1048576"
    "memorysetup-job-temp-allocator-reduction-small-platforms=262144"
    "memorysetup-allocator-temp-initial-block-size-main=262144"
    "memorysetup-allocator-temp-initial-block-size-worker=262144"
    "memorysetup-temp-allocator-size-background-worker=32768"
    "memorysetup-temp-allocator-size-job-worker=262144"
    "memorysetup-temp-allocator-size-preload-manager=33554432"
    "memorysetup-temp-allocator-size-nav-mesh-worker=65536"
    "memorysetup-temp-allocator-size-audio-worker=65536"
    "memorysetup-temp-allocator-size-cloud-worker=32768"
    "memorysetup-temp-allocator-size-gi-baking-worker=262144"
    "memorysetup-temp-allocator-size-gfx=262144"
Player connection [9956] Host "[IP] 192.168.2.117 [Port] 0 [Flags] 2 [Guid] 2887689641 [EditorId] 2887689641 [Version] 1048832 [Id] WindowsEditor(7,KishinoKafuka) [Debug] 1 [PackageName] WindowsEditor [ProjectName] Editor" joined multi-casting on [225.0.0.222:54997]...

Player connection [9956] Host "[IP] 192.168.2.117 [Port] 0 [Flags] 2 [Guid] 2887689641 [EditorId] 2887689641 [Version] 1048832 [Id] WindowsEditor(7,KishinoKafuka) [Debug] 1 [PackageName] WindowsEditor [ProjectName] Editor" joined alternative multi-casting on [225.0.0.222:34997]...

[Physics::Module] Initialized MultithreadedJobDispatcher with 15 workers.
Refreshing native plugins compatible for Editor in 9.97 ms, found 6 plugins.
Preloading 0 native plugins for Editor in 0.00 ms.
Initialize engine version: 2022.3.25f1 (530ae0ba3889)
[Subsystems] Discovering subsystems at path C:/Program Files/Unity/Hub/Editor/2022.3.25f1/Editor/Data/Resources/UnitySubsystems
[Subsystems] Discovering subsystems at path C:/Users/Kishi/Unity/2025_21/kansaiup/Assets
GfxDevice: creating device client; threaded=0; jobified=0
Direct3D:
    Version:  Direct3D 11.0 [level 11.1]
    Renderer: NVIDIA GeForce RTX 4060 Ti (ID=0x2803)
    Vendor:   NVIDIA
    VRAM:     7949 MB
    Driver:   32.0.15.7216
Initialize mono
Mono path[0] = 'C:/Program Files/Unity/Hub/Editor/2022.3.25f1/Editor/Data/Managed'
Mono path[1] = 'C:/Program Files/Unity/Hub/Editor/2022.3.25f1/Editor/Data/MonoBleedingEdge/lib/mono/unityjit-win32'
Mono config path = 'C:/Program Files/Unity/Hub/Editor/2022.3.25f1/Editor/Data/MonoBleedingEdge/etc'
Using monoOptions --debugger-agent=transport=dt_socket,embedding=1,server=y,suspend=n,address=127.0.0.1:56512
Begin MonoManager ReloadAssembly
Registering precompiled unity dll's ...
Register platform support module: C:/Program Files/Unity/Hub/Editor/2022.3.25f1/Editor/Data/PlaybackEngines/WindowsStandaloneSupport/UnityEditor.WindowsStandalone.Extensions.dll
Registered in 0.004927 seconds.
- Loaded All Assemblies, in  0.272 seconds
Native extension for WindowsStandalone target not found
Mono: successfully reloaded assembly
- Finished resetting the current domain, in  0.232 seconds
Domain Reload Profiling: 503ms
	BeginReloadAssembly (85ms)
		ExecutionOrderSort (0ms)
		DisableScriptedObjects (0ms)
		BackupInstance (0ms)
		ReleaseScriptingObjects (0ms)
		CreateAndSetChildDomain (1ms)
	RebuildCommonClasses (27ms)
	RebuildNativeTypeToScriptingClass (8ms)
	initialDomainReloadingComplete (46ms)
	LoadAllAssembliesAndSetupDomain (105ms)
		LoadAssemblies (83ms)
		RebuildTransferFunctionScriptingTraits (0ms)
		AnalyzeDomain (103ms)
			TypeCache.Refresh (102ms)
				TypeCache.ScanAssembly (92ms)
			ScanForSourceGeneratedMonoScriptInfo (0ms)
			ResolveRequiredComponents (0ms)
	FinalizeReload (233ms)
		ReleaseScriptCaches (0ms)
		RebuildScriptCaches (0ms)
		SetupLoadedEditorAssemblies (184ms)
			LogAssemblyErrors (0ms)
			InitializePlatformSupportModulesInManaged (8ms)
			SetLoadedEditorAssemblies (7ms)
			RefreshPlugins (0ms)
			BeforeProcessingInitializeOnLoad (2ms)
			ProcessInitializeOnLoadAttributes (124ms)
			ProcessInitializeOnLoadMethodAttributes (42ms)
			AfterProcessingInitializeOnLoad (0ms)
			EditorAssembliesLoaded (0ms)
		ExecutionOrderSort2 (0ms)
		AwakeInstancesAfterBackupRestoration (0ms)
========================================================================
Worker process is ready to serve import requests
Begin MonoManager ReloadAssembly
- Loaded All Assemblies, in  0.489 seconds
Refreshing native plugins compatible for Editor in 3.66 ms, found 6 plugins.
Native extension for WindowsStandalone target not found
Mono: successfully reloaded assembly
- Finished resetting the current domain, in  0.473 seconds
Domain Reload Profiling: 959ms
	BeginReloadAssembly (113ms)
		ExecutionOrderSort (0ms)
		DisableScriptedObjects (4ms)
		BackupInstance (0ms)
		ReleaseScriptingObjects (0ms)
		CreateAndSetChildDomain (15ms)
	RebuildCommonClasses (26ms)
	RebuildNativeTypeToScriptingClass (7ms)
	initialDomainReloadingComplete (34ms)
	LoadAllAssembliesAndSetupDomain (305ms)
		LoadAssemblies (228ms)
		RebuildTransferFunctionScriptingTraits (0ms)
		AnalyzeDomain (143ms)
			TypeCache.Refresh (124ms)
				TypeCache.ScanAssembly (113ms)
			ScanForSourceGeneratedMonoScriptInfo (13ms)
			ResolveRequiredComponents (5ms)
	FinalizeReload (473ms)
		ReleaseScriptCaches (0ms)
		RebuildScriptCaches (0ms)
		SetupLoadedEditorAssemblies (346ms)
			LogAssemblyErrors (0ms)
			InitializePlatformSupportModulesInManaged (5ms)
			SetLoadedEditorAssemblies (4ms)
			RefreshPlugins (0ms)
			BeforeProcessingInitializeOnLoad (50ms)
			ProcessInitializeOnLoadAttributes (266ms)
			ProcessInitializeOnLoadMethodAttributes (17ms)
			AfterProcessingInitializeOnLoad (5ms)
			EditorAssembliesLoaded (0ms)
		ExecutionOrderSort2 (0ms)
		AwakeInstancesAfterBackupRestoration (5ms)
Launched and connected shader compiler UnityShaderCompiler.exe after 0.04 seconds
Refreshing native plugins compatible for Editor in 6.04 ms, found 6 plugins.
Preloading 0 native plugins for Editor in 0.00 ms.
Unloading 3589 Unused Serialized files (Serialized files now loaded: 0)
Unloading 64 unused Assets / (1.9 MB). Loaded Objects now: 4032.
Memory consumption went from 150.5 MB to 148.6 MB.
Total: 4.119200 ms (FindLiveObjects: 0.278300 ms CreateObjectMapping: 0.203500 ms MarkObjects: 3.242800 ms  DeleteObjects: 0.393300 ms)

AssetImportParameters requested are different than current active one (requested -> active):
  custom:container-demuxer-ogg: 62fdf1f143b41e24485cea50d1cbac27 -> 
  custom:video-codec-MediaFoundation-h265: 746d11721c4dcdbdad8f713fa42b33f4 -> 
  custom:video-decoder-ogg-theora: a1e56fd34408186e4bbccfd4996cb3dc -> 
  custom:framework-win-MediaFoundation: 216162199b28c13a410421893ffa2e32 -> 
  custom:CustomObjectIndexerAttribute: 9a22284fe3817be447336de3de66b15e -> 
  custom:container-demuxer-webm: 4f35f7cbe854078d1ac9338744f61a02 -> 
  custom:container-muxer-webm: aa71ff27fc2769a1b78a27578f13a17b -> 
  custom:video-decoder-webm-vp8: 9c59270c3fd7afecdb556c50c9e8de78 -> 
  custom:SearchIndexIgnoredProperties: e643bd26f0fe6173181afceb89e7c659 -> 
  custom:AudioImporter_EditorPlatform: d09bf68614088b80899f8185d706f6e7 -> 
  custom:video-encoder-webm-vp8: eb34c28f22e8b96e1ab97ce403110664 -> 
  custom:audio-decoder-ogg-vorbis: bf7c407c2cedff20999df2af8eb42d56 -> 
  custom:audio-encoder-webm-vorbis: bf7c407c2cedff20999df2af8eb42d56 -> 
========================================================================
Received Prepare
Begin MonoManager ReloadAssembly
- Loaded All Assemblies, in  1.747 seconds
Refreshing native plugins compatible for Editor in 4.29 ms, found 6 plugins.
Native extension for WindowsStandalone target not found
Mono: successfully reloaded assembly
- Finished resetting the current domain, in  8.464 seconds
Domain Reload Profiling: 10208ms
	BeginReloadAssembly (122ms)
		ExecutionOrderSort (0ms)
		DisableScriptedObjects (4ms)
		BackupInstance (0ms)
		ReleaseScriptingObjects (0ms)
		CreateAndSetChildDomain (25ms)
	RebuildCommonClasses (24ms)
	RebuildNativeTypeToScriptingClass (8ms)
	initialDomainReloadingComplete (24ms)
	LoadAllAssembliesAndSetupDomain (1566ms)
		LoadAssemblies (1620ms)
		RebuildTransferFunctionScriptingTraits (0ms)
		AnalyzeDomain (12ms)
			TypeCache.Refresh (5ms)
				TypeCache.ScanAssembly (0ms)
			ScanForSourceGeneratedMonoScriptInfo (0ms)
			ResolveRequiredComponents (5ms)
	FinalizeReload (8464ms)
		ReleaseScriptCaches (0ms)
		RebuildScriptCaches (0ms)
		SetupLoadedEditorAssemblies (313ms)
			LogAssemblyErrors (0ms)
			InitializePlatformSupportModulesInManaged (5ms)
			SetLoadedEditorAssemblies (3ms)
			RefreshPlugins (0ms)
			BeforeProcessingInitializeOnLoad (50ms)
			ProcessInitializeOnLoadAttributes (234ms)
			ProcessInitializeOnLoadMethodAttributes (15ms)
			AfterProcessingInitializeOnLoad (5ms)
			EditorAssembliesLoaded (0ms)
		ExecutionOrderSort2 (0ms)
		AwakeInstancesAfterBackupRestoration (6ms)
Refreshing native plugins compatible for Editor in 3.92 ms, found 6 plugins.
Preloading 0 native plugins for Editor in 0.00 ms.
Unloading 3546 Unused Serialized files (Serialized files now loaded: 0)
Unloading 43 unused Assets / (1.8 MB). Loaded Objects now: 4047.
Memory consumption went from 143.0 MB to 141.2 MB.
Total: 2.530300 ms (FindLiveObjects: 0.195300 ms CreateObjectMapping: 0.080600 ms MarkObjects: 2.057200 ms  DeleteObjects: 0.196000 ms)

Prepare: number of updated asset objects reloaded= 0
AssetImportParameters requested are different than current active one (requested -> active):
  custom:container-demuxer-ogg: 62fdf1f143b41e24485cea50d1cbac27 -> 
  custom:video-codec-MediaFoundation-h265: 746d11721c4dcdbdad8f713fa42b33f4 -> 
  custom:video-decoder-ogg-theora: a1e56fd34408186e4bbccfd4996cb3dc -> 
  custom:framework-win-MediaFoundation: 216162199b28c13a410421893ffa2e32 -> 
  custom:CustomObjectIndexerAttribute: 9a22284fe3817be447336de3de66b15e -> 
  custom:container-demuxer-webm: 4f35f7cbe854078d1ac9338744f61a02 -> 
  custom:container-muxer-webm: aa71ff27fc2769a1b78a27578f13a17b -> 
  custom:video-decoder-webm-vp8: 9c59270c3fd7afecdb556c50c9e8de78 -> 
  custom:SearchIndexIgnoredProperties: e643bd26f0fe6173181afceb89e7c659 -> 
  custom:AudioImporter_EditorPlatform: d09bf68614088b80899f8185d706f6e7 -> 
  custom:video-encoder-webm-vp8: eb34c28f22e8b96e1ab97ce403110664 -> 
  custom:audio-decoder-ogg-vorbis: bf7c407c2cedff20999df2af8eb42d56 -> 
  custom:audio-encoder-webm-vorbis: bf7c407c2cedff20999df2af8eb42d56 -> 
========================================================================
Received Prepare
Begin MonoManager ReloadAssembly
- Loaded All Assemblies, in  0.331 seconds
Refreshing native plugins compatible for Editor in 3.92 ms, found 6 plugins.
Native extension for WindowsStandalone target not found
Mono: successfully reloaded assembly
- Finished resetting the current domain, in  0.761 seconds
Domain Reload Profiling: 1091ms
	BeginReloadAssembly (117ms)
		ExecutionOrderSort (0ms)
		DisableScriptedObjects (4ms)
		BackupInstance (0ms)
		ReleaseScriptingObjects (0ms)
		CreateAndSetChildDomain (25ms)
	RebuildCommonClasses (24ms)
	RebuildNativeTypeToScriptingClass (8ms)
	initialDomainReloadingComplete (23ms)
	LoadAllAssembliesAndSetupDomain (158ms)
		LoadAssemblies (207ms)
		RebuildTransferFunctionScriptingTraits (0ms)
		AnalyzeDomain (12ms)
			TypeCache.Refresh (4ms)
				TypeCache.ScanAssembly (0ms)
			ScanForSourceGeneratedMonoScriptInfo (0ms)
			ResolveRequiredComponents (6ms)
	FinalizeReload (762ms)
		ReleaseScriptCaches (0ms)
		RebuildScriptCaches (0ms)
		SetupLoadedEditorAssemblies (346ms)
			LogAssemblyErrors (0ms)
			InitializePlatformSupportModulesInManaged (5ms)
			SetLoadedEditorAssemblies (4ms)
			RefreshPlugins (0ms)
			BeforeProcessingInitializeOnLoad (52ms)
			ProcessInitializeOnLoadAttributes (261ms)
			ProcessInitializeOnLoadMethodAttributes (18ms)
			AfterProcessingInitializeOnLoad (5ms)
			EditorAssembliesLoaded (0ms)
		ExecutionOrderSort2 (0ms)
		AwakeInstancesAfterBackupRestoration (6ms)
Refreshing native plugins compatible for Editor in 5.62 ms, found 6 plugins.
Preloading 0 native plugins for Editor in 0.00 ms.
Unloading 3546 Unused Serialized files (Serialized files now loaded: 0)
Unloading 43 unused Assets / (1.8 MB). Loaded Objects now: 4062.
Memory consumption went from 145.0 MB to 143.2 MB.
Total: 3.793000 ms (FindLiveObjects: 0.412600 ms CreateObjectMapping: 0.196600 ms MarkObjects: 2.819600 ms  DeleteObjects: 0.362900 ms)

Prepare: number of updated asset objects reloaded= 0
AssetImportParameters requested are different than current active one (requested -> active):
  custom:container-demuxer-ogg: 62fdf1f143b41e24485cea50d1cbac27 -> 
  custom:video-codec-MediaFoundation-h265: 746d11721c4dcdbdad8f713fa42b33f4 -> 
  custom:video-decoder-ogg-theora: a1e56fd34408186e4bbccfd4996cb3dc -> 
  custom:framework-win-MediaFoundation: 216162199b28c13a410421893ffa2e32 -> 
  custom:CustomObjectIndexerAttribute: 9a22284fe3817be447336de3de66b15e -> 
  custom:container-demuxer-webm: 4f35f7cbe854078d1ac9338744f61a02 -> 
  custom:container-muxer-webm: aa71ff27fc2769a1b78a27578f13a17b -> 
  custom:video-decoder-webm-vp8: 9c59270c3fd7afecdb556c50c9e8de78 -> 
  custom:SearchIndexIgnoredProperties: e643bd26f0fe6173181afceb89e7c659 -> 
  custom:AudioImporter_EditorPlatform: d09bf68614088b80899f8185d706f6e7 -> 
  custom:video-encoder-webm-vp8: eb34c28f22e8b96e1ab97ce403110664 -> 
  custom:audio-decoder-ogg-vorbis: bf7c407c2cedff20999df2af8eb42d56 -> 
  custom:audio-encoder-webm-vorbis: bf7c407c2cedff20999df2af8eb42d56 -> 
========================================================================
Received Import Request.
  Time since last request: 412975.264269 seconds.
  path: Assets/Athletic/3.siga/turibari/turibari.png
  artifactKey: Guid(f5e1bfc9bb507034abb718598db751a5) Importer(815301076,1909f56bfc062723c751e8b465ee728b)
Start importing Assets/Athletic/3.siga/turibari/turibari.png using Guid(f5e1bfc9bb507034abb718598db751a5) Importer(815301076,1909f56bfc062723c751e8b465ee728b)  -> (artifact id: '150423ffa4eba1b8e5bba715edba9996') in 0.058176 seconds
Number of updated asset objects reloaded before import = 0
Number of asset objects unloaded after import = 2
========================================================================
Received Import Request.
  Time since last request: 2150.385777 seconds.
  path: Assets/Athletic/6.oosaka/myaku/myakuk.png
  artifactKey: Guid(cecbf97d54c7d824bae3c37c74e6105e) Importer(815301076,1909f56bfc062723c751e8b465ee728b)
Start importing Assets/Athletic/6.oosaka/myaku/myakuk.png using Guid(cecbf97d54c7d824bae3c37c74e6105e) Importer(815301076,1909f56bfc062723c751e8b465ee728b)  -> (artifact id: '5faef5f932937f099f0681b3fd3b9154') in 0.086512 seconds
Number of updated asset objects reloaded before import = 0
Number of asset objects unloaded after import = 2
========================================================================
Received Prepare
Begin MonoManager ReloadAssembly
- Loaded All Assemblies, in  0.347 seconds
Refreshing native plugins compatible for Editor in 3.35 ms, found 6 plugins.
Native extension for WindowsStandalone target not found
Mono: successfully reloaded assembly
- Finished resetting the current domain, in  0.820 seconds
Domain Reload Profiling: 1164ms
	BeginReloadAssembly (124ms)
		ExecutionOrderSort (0ms)
		DisableScriptedObjects (4ms)
		BackupInstance (0ms)
		ReleaseScriptingObjects (0ms)
		CreateAndSetChildDomain (28ms)
	RebuildCommonClasses (23ms)
	RebuildNativeTypeToScriptingClass (8ms)
	initialDomainReloadingComplete (23ms)
	LoadAllAssembliesAndSetupDomain (167ms)
		LoadAssemblies (220ms)
		RebuildTransferFunctionScriptingTraits (0ms)
		AnalyzeDomain (11ms)
			TypeCache.Refresh (4ms)
				TypeCache.ScanAssembly (0ms)
			ScanForSourceGeneratedMonoScriptInfo (0ms)
			ResolveRequiredComponents (5ms)
	FinalizeReload (820ms)
		ReleaseScriptCaches (0ms)
		RebuildScriptCaches (0ms)
		SetupLoadedEditorAssemblies (339ms)
			LogAssemblyErrors (0ms)
			InitializePlatformSupportModulesInManaged (5ms)
			SetLoadedEditorAssemblies (4ms)
			RefreshPlugins (0ms)
			BeforeProcessingInitializeOnLoad (54ms)
			ProcessInitializeOnLoadAttributes (255ms)
			ProcessInitializeOnLoadMethodAttributes (16ms)
			AfterProcessingInitializeOnLoad (5ms)
			EditorAssembliesLoaded (0ms)
		ExecutionOrderSort2 (0ms)
		AwakeInstancesAfterBackupRestoration (6ms)
Refreshing native plugins compatible for Editor in 7.15 ms, found 6 plugins.
Preloading 0 native plugins for Editor in 0.00 ms.
Unloading 3545 Unused Serialized files (Serialized files now loaded: 0)
Unloading 43 unused Assets / (1.8 MB). Loaded Objects now: 4081.
Memory consumption went from 146.7 MB to 144.9 MB.
Total: 3.618400 ms (FindLiveObjects: 0.237800 ms CreateObjectMapping: 0.344100 ms MarkObjects: 2.714200 ms  DeleteObjects: 0.321100 ms)

Prepare: number of updated asset objects reloaded= 0
AssetImportParameters requested are different than current active one (requested -> active):
  custom:container-demuxer-ogg: 62fdf1f143b41e24485cea50d1cbac27 -> 
  custom:video-codec-MediaFoundation-h265: 746d11721c4dcdbdad8f713fa42b33f4 -> 
  custom:video-decoder-ogg-theora: a1e56fd34408186e4bbccfd4996cb3dc -> 
  custom:framework-win-MediaFoundation: 216162199b28c13a410421893ffa2e32 -> 
  custom:CustomObjectIndexerAttribute: 9a22284fe3817be447336de3de66b15e -> 
  custom:container-demuxer-webm: 4f35f7cbe854078d1ac9338744f61a02 -> 
  custom:container-muxer-webm: aa71ff27fc2769a1b78a27578f13a17b -> 
  custom:video-decoder-webm-vp8: 9c59270c3fd7afecdb556c50c9e8de78 -> 
  custom:SearchIndexIgnoredProperties: e643bd26f0fe6173181afceb89e7c659 -> 
  custom:AudioImporter_EditorPlatform: d09bf68614088b80899f8185d706f6e7 -> 
  custom:video-encoder-webm-vp8: eb34c28f22e8b96e1ab97ce403110664 -> 
  custom:audio-decoder-ogg-vorbis: bf7c407c2cedff20999df2af8eb42d56 -> 
  custom:audio-encoder-webm-vorbis: bf7c407c2cedff20999df2af8eb42d56 -> 
========================================================================
Received Import Request.
  Time since last request: 652.240118 seconds.
  path: Assets/Athletic/6.oosaka/takoyaki/mayo.png
  artifactKey: Guid(f8fbd10766966cb4098be7e4be6012d8) Importer(815301076,1909f56bfc062723c751e8b465ee728b)
Start importing Assets/Athletic/6.oosaka/takoyaki/mayo.png using Guid(f8fbd10766966cb4098be7e4be6012d8) Importer(815301076,1909f56bfc062723c751e8b465ee728b)  -> (artifact id: '92c33cb26bea3010676c709c1f5e62c0') in 0.046979 seconds
Number of updated asset objects reloaded before import = 0
Number of asset objects unloaded after import = 2
========================================================================
Received Import Request.
  Time since last request: 0.000016 seconds.
  path: Assets/Athletic/6.oosaka/takoyaki/takoyaki.fbx
  artifactKey: Guid(f1e709afdbb85bd4c98269e77c9bd648) Importer(815301076,1909f56bfc062723c751e8b465ee728b)
Start importing Assets/Athletic/6.oosaka/takoyaki/takoyaki.fbx using Guid(f1e709afdbb85bd4c98269e77c9bd648) Importer(815301076,1909f56bfc062723c751e8b465ee728b)  -> (artifact id: 'e0a438081cf812473cec50f2e71a0dce') in 0.101430 seconds
Number of updated asset objects reloaded before import = 0
Number of asset objects unloaded after import = 8
========================================================================
Received Import Request.
  Time since last request: 153.355815 seconds.
  path: Assets/Athletic/4.nara/rion/rion_syusei.fbx
  artifactKey: Guid(9f38be1d4f552c843bc3d42e0cd36910) Importer(815301076,1909f56bfc062723c751e8b465ee728b)
Start importing Assets/Athletic/4.nara/rion/rion_syusei.fbx using Guid(9f38be1d4f552c843bc3d42e0cd36910) Importer(815301076,1909f56bfc062723c751e8b465ee728b)  -> (artifact id: '2276b7622178fec6087e32d117716813') in 0.003473 seconds
Number of updated asset objects reloaded before import = 0
Number of asset objects unloaded after import = 4
========================================================================
Received Import Request.
  Time since last request: 664.101214 seconds.
  path: Assets/Athletic/5.kyouto/kanban/Planks012_1K-JPG/Planks012_1K-JPG_AmbientOcclusion.jpg
  artifactKey: Guid(bfd848296eda3ab4fab68751767f148f) Importer(815301076,1909f56bfc062723c751e8b465ee728b)
Start importing Assets/Athletic/5.kyouto/kanban/Planks012_1K-JPG/Planks012_1K-JPG_AmbientOcclusion.jpg using Guid(bfd848296eda3ab4fab68751767f148f) Importer(815301076,1909f56bfc062723c751e8b465ee728b)  -> (artifact id: '6fb9c6b8b14abf828069d9ab71b67ad0') in 0.030656 seconds
Number of updated asset objects reloaded before import = 0
Number of asset objects unloaded after import = 2
========================================================================
Received Import Request.
  Time since last request: 0.000020 seconds.
  path: Assets/Athletic/5.kyouto/kanban/Planks012_1K-JPG/Planks012_1K-JPG_NormalGL.jpg
  artifactKey: Guid(6c8c4829123e82e4bb7e5fc978790098) Importer(815301076,1909f56bfc062723c751e8b465ee728b)
Start importing Assets/Athletic/5.kyouto/kanban/Planks012_1K-JPG/Planks012_1K-JPG_NormalGL.jpg using Guid(6c8c4829123e82e4bb7e5fc978790098) Importer(815301076,1909f56bfc062723c751e8b465ee728b)  -> (artifact id: '9fc6b9c575f50ee693adb9ef1bc91241') in 0.048314 seconds
Number of updated asset objects reloaded before import = 0
Number of asset objects unloaded after import = 2
========================================================================
Received Import Request.
  Time since last request: 0.000020 seconds.
  path: Assets/Athletic/5.kyouto/kanban/Planks012_1K-JPG/Planks012_1K-JPG_NormalDX.jpg
  artifactKey: Guid(ec9244dced4950245aa66df20273e990) Importer(815301076,1909f56bfc062723c751e8b465ee728b)
Start importing Assets/Athletic/5.kyouto/kanban/Planks012_1K-JPG/Planks012_1K-JPG_NormalDX.jpg using Guid(ec9244dced4950245aa66df20273e990) Importer(815301076,1909f56bfc062723c751e8b465ee728b)  -> (artifact id: '39a49463716d5514672756a03225ad59') in 0.013089 seconds
Number of updated asset objects reloaded before import = 0
Number of asset objects unloaded after import = 2
========================================================================
Received Import Request.
  Time since last request: 0.000383 seconds.
  path: Assets/Athletic/5.kyouto/kanban/Planks012_1K-JPG/Planks012_1K-JPG_Roughness.jpg
  artifactKey: Guid(df7b6230623cdaa4e8f091c54c3067fa) Importer(815301076,1909f56bfc062723c751e8b465ee728b)
Start importing Assets/Athletic/5.kyouto/kanban/Planks012_1K-JPG/Planks012_1K-JPG_Roughness.jpg using Guid(df7b6230623cdaa4e8f091c54c3067fa) Importer(815301076,1909f56bfc062723c751e8b465ee728b)  -> (artifact id: 'd1f33deca5bdb397b92605f323e766fd') in 0.023031 seconds
Number of updated asset objects reloaded before import = 0
Number of asset objects unloaded after import = 2
========================================================================
Received Import Request.
  Time since last request: 1813.481960 seconds.
  path: Assets/Athletic/Penguin_3ds/peng_texture.jpg
  artifactKey: Guid(1305238df13d08a4796a729569f639e4) Importer(815301076,1909f56bfc062723c751e8b465ee728b)
Start importing Assets/Athletic/Penguin_3ds/peng_texture.jpg using Guid(1305238df13d08a4796a729569f639e4) Importer(815301076,1909f56bfc062723c751e8b465ee728b)  -> (artifact id: '66c17618c965f5d28a41fe44b017eaa8') in 0.025923 seconds
Number of updated asset objects reloaded before import = 0
Number of asset objects unloaded after import = 2
========================================================================
Received Import Request.
  Time since last request: 900.301331 seconds.
  path: Assets/Athletic/Penguin_3ds/Materials/peng_texture.mat
  artifactKey: Guid(e40cfdb51bea18a489adb26fc7e52653) Importer(815301076,1909f56bfc062723c751e8b465ee728b)
Start importing Assets/Athletic/Penguin_3ds/Materials/peng_texture.mat using Guid(e40cfdb51bea18a489adb26fc7e52653) Importer(815301076,1909f56bfc062723c751e8b465ee728b)  -> (artifact id: 'dfbfdff088e33b63e9a4a3b0a63195e4') in 0.019969 seconds
Number of updated asset objects reloaded before import = 0
Number of asset objects unloaded after import = 2
========================================================================
Received Import Request.
  Time since last request: 54.129382 seconds.
  path: Assets/Athletic/2.wakayama/Penguin_3ds/penguin.3DS
  artifactKey: Guid(8c90adeaf18cfb44d970c330b810f25a) Importer(815301076,1909f56bfc062723c751e8b465ee728b)
Start importing Assets/Athletic/2.wakayama/Penguin_3ds/penguin.3DS using Guid(8c90adeaf18cfb44d970c330b810f25a) Importer(815301076,1909f56bfc062723c751e8b465ee728b)  -> (artifact id: '0b0ba5c9e0f6feb5436d6d6255dd6f29') in 0.050397 seconds
Number of updated asset objects reloaded before import = 0
Number of asset objects unloaded after import = 38
========================================================================
Received Import Request.
  Time since last request: 20.324040 seconds.
  path: Assets/Athletic/6.oosaka/Penguin/peng_eye_texture.jpg
  artifactKey: Guid(5796dd915ba8da74982d2aa949d6e5a3) Importer(815301076,1909f56bfc062723c751e8b465ee728b)
Start importing Assets/Athletic/6.oosaka/Penguin/peng_eye_texture.jpg using Guid(5796dd915ba8da74982d2aa949d6e5a3) Importer(815301076,1909f56bfc062723c751e8b465ee728b)  -> (artifact id: 'd775da45792ec01e459bc45367f0d085') in 0.015518 seconds
Number of updated asset objects reloaded before import = 0
Number of asset objects unloaded after import = 2
========================================================================
Received Import Request.
  Time since last request: 0.000075 seconds.
  path: Assets/Athletic/6.oosaka/Penguin/peng_texture.jpg
  artifactKey: Guid(a2f301fb70d82684782b5453482f7e22) Importer(815301076,1909f56bfc062723c751e8b465ee728b)
Start importing Assets/Athletic/6.oosaka/Penguin/peng_texture.jpg using Guid(a2f301fb70d82684782b5453482f7e22) Importer(815301076,1909f56bfc062723c751e8b465ee728b)  -> (artifact id: 'e2e088a76b08bb3d93d1bb4c54c03e43') in 0.012886 seconds
Number of updated asset objects reloaded before import = 0
Number of asset objects unloaded after import = 2
========================================================================
Received Import Request.
  Time since last request: 10.409566 seconds.
  path: Assets/Athletic/6.oosaka/Penguin/Materials/peng_texture.mat
  artifactKey: Guid(545b3f6764c919747a301e586504a94a) Importer(815301076,1909f56bfc062723c751e8b465ee728b)
Start importing Assets/Athletic/6.oosaka/Penguin/Materials/peng_texture.mat using Guid(545b3f6764c919747a301e586504a94a) Importer(815301076,1909f56bfc062723c751e8b465ee728b)  -> (artifact id: 'ac78391fabb8d8190222882205fd5dbc') in 0.015962 seconds
Number of updated asset objects reloaded before import = 0
Number of asset objects unloaded after import = 2
========================================================================
Received Import Request.
  Time since last request: 43.498748 seconds.
  path: Assets/Athletic/2.wakayama/Penguin/penguin.3DS
  artifactKey: Guid(8c90adeaf18cfb44d970c330b810f25a) Importer(815301076,1909f56bfc062723c751e8b465ee728b)
Start importing Assets/Athletic/2.wakayama/Penguin/penguin.3DS using Guid(8c90adeaf18cfb44d970c330b810f25a) Importer(815301076,1909f56bfc062723c751e8b465ee728b)  -> (artifact id: '054122b4838ae17d69d8704405b68040') in 0.068969 seconds
Number of updated asset objects reloaded before import = 0
Number of asset objects unloaded after import = 38
